<?xml version="1.0" encoding="UTF-8"?>
<testsuite xmlns:xsi="http://www.w3.org/2001/XMLSchema-instance" xsi:noNamespaceSchemaLocation="https://maven.apache.org/surefire/maven-surefire-plugin/xsd/surefire-test-report-3.0.xsd" version="3.0" name="calendarTests.testDay" time="0.033" tests="13" errors="0" skipped="0" failures="0">
  <properties>
[...]
</properties>
  <testcase name="testInvalidStartHourIndex" classname="calendarTests.testDay" time="0.006"/>
  <testcase name="testInvalidTimeRange" classname="calendarTests.testDay" time="0.001"/>
  <testcase name="testInvalidStartMinuteIndex" classname="calendarTests.testDay" time="0.001"/>
  <testcase name="testFindAvailableTimeRangesMultipleRanges" classname="calendarTests.testDay" time="0.001"/>
  <testcase name="testInvalidEndMinuteIndex" classname="calendarTests.testDay" time="0.001"/>
  <testcase name="timeSuggestion" classname="calendarTests.testDay" time="0.013">
    <system-out><![CDATA[[I@78047b92
taskminutes = 120
block duration = 240
taskminutes = 120
block duration = 359
[[08:00, 10:00], [10:00, 12:00], [18:00, 20:00], [20:00, 22:00]]
]]></system-out>
  </testcase>
  <testcase name="testInvalidEndHourIndex" classname="calendarTests.testDay" time="0.001"/>
  <testcase name="timeSuggestion2" classname="calendarTests.testDay" time="0.001">
    <system-out><![CDATA[taskminutes = 252
block duration = 240
taskminutes = 252
block duration = 359
[[18:00, 22:12]]
]]></system-out>
  </testcase>
  <testcase name="testSingleSlot" classname="calendarTests.testDay" time="0"/>
  <testcase name="testFindAvailableTimeRangesAllBooked" classname="calendarTests.testDay" time="0.001"/>
  <testcase name="testBookTimeRange" classname="calendarTests.testDay" time="0"/>
  <testcase name="testEmptyAvailability" classname="calendarTests.testDay" time="0.001"/>
  <testcase name="testSizeOfDay" classname="calendarTests.testDay" time="0"/>
</testsuite>